[debug] [2024-10-12T17:05:28.436Z] ----------------------------------------------------------------------
[debug] [2024-10-12T17:05:28.440Z] Command:       C:\Program Files\nodejs\node.exe C:\Users\niles\AppData\Roaming\npm\node_modules\firebase-tools\lib\bin\firebase.js init
[debug] [2024-10-12T17:05:28.441Z] CLI Version:   13.22.0
[debug] [2024-10-12T17:05:28.441Z] Platform:      win32
[debug] [2024-10-12T17:05:28.441Z] Node Version:  v20.17.0
[debug] [2024-10-12T17:05:28.441Z] Time:          Sat Oct 12 2024 22:35:28 GMT+0530 (India Standard Time)
[debug] [2024-10-12T17:05:28.442Z] ----------------------------------------------------------------------
[debug] 
[debug] [2024-10-12T17:05:28.450Z] > command requires scopes: ["email","openid","https://www.googleapis.com/auth/cloudplatformprojects.readonly","https://www.googleapis.com/auth/firebase","https://www.googleapis.com/auth/cloud-platform"]
[debug] [2024-10-12T17:05:28.450Z] > authorizing via signed-in user (neilkumarofficial@gmail.com)
[info] 
     ######## #### ########  ######## ########     ###     ######  ########
     ##        ##  ##     ## ##       ##     ##  ##   ##  ##       ##
     ######    ##  ########  ######   ########  #########  ######  ######
     ##        ##  ##    ##  ##       ##     ## ##     ##       ## ##
     ##       #### ##     ## ######## ########  ##     ##  ######  ########

You're about to initialize a Firebase project in this directory:

  C:\Users\niles\OneDrive\Desktop\interdimensional-show

[info] 
=== Project Setup
[info] 
[info] First, let's associate this project directory with a Firebase project.
[info] You can create multiple project aliases by running firebase use --add, 
[info] but for now we'll just set up a default project.
[info] 
[debug] [2024-10-12T17:05:37.692Z] Checked if tokens are valid: true, expires at: 1728756018211
[debug] [2024-10-12T17:05:37.693Z] Checked if tokens are valid: true, expires at: 1728756018211
[debug] [2024-10-12T17:05:37.695Z] >>> [apiv2][query] GET https://firebase.googleapis.com/v1beta1/projects pageSize=100
[debug] [2024-10-12T17:05:51.930Z] <<< [apiv2][status] GET https://firebase.googleapis.com/v1beta1/projects 200
[debug] [2024-10-12T17:05:51.931Z] <<< [apiv2][body] GET https://firebase.googleapis.com/v1beta1/projects [omitted]
[info] i  Using project interdimensional-show-c39db (interdimensional-show) 
[info] 
=== Hosting Setup
[debug] [2024-10-12T17:05:53.588Z] Checked if tokens are valid: true, expires at: 1728756018211
[debug] [2024-10-12T17:05:53.588Z] Checked if tokens are valid: true, expires at: 1728756018211
[debug] [2024-10-12T17:05:53.589Z] >>> [apiv2][query] GET https://firebase.googleapis.com/v1beta1/projects/interdimensional-show-c39db [none]
[debug] [2024-10-12T17:05:55.565Z] <<< [apiv2][status] GET https://firebase.googleapis.com/v1beta1/projects/interdimensional-show-c39db 200
[debug] [2024-10-12T17:05:55.565Z] <<< [apiv2][body] GET https://firebase.googleapis.com/v1beta1/projects/interdimensional-show-c39db {"projectId":"interdimensional-show-c39db","projectNumber":"702219685984","displayName":"interdimensional-show","name":"projects/interdimensional-show-c39db","resources":{"hostingSite":"interdimensional-show-c39db"},"state":"ACTIVE","etag":"1_971e9fc9-eb95-4268-8c15-2d502d9f83db"}
[info] 
[info] Your public directory is the folder (relative to your project directory) that
[info] will contain Hosting assets to be uploaded with firebase deploy. If you
[info] have a build process for your assets, use your build's output directory.
[info] 
[info] +  Wrote public/404.html 
[debug] [2024-10-12T17:06:07.819Z] >>> [apiv2][query] GET https://www.gstatic.com/firebasejs/releases.json [none]
[debug] [2024-10-12T17:06:38.724Z] <<< [apiv2][status] GET https://www.gstatic.com/firebasejs/releases.json 200
[debug] [2024-10-12T17:06:38.725Z] <<< [apiv2][body] GET https://www.gstatic.com/firebasejs/releases.json {"current":{"version":"10.14.1","browserURL":"https://www.gstatic.com/firebasejs/10.14.1/firebase.js","packageURL":"https://www.gstatic.com/firebasejs/10.14.1/firebase.tgz"},"live":{"version":"10.14","browserURL":"https://www.gstatic.com/firebasejs/live/10.14/firebase.js","packageURL":"https://www.gstatic.com/firebasejs/live/10.14/firebase.tgz"},"components":{"analytics":"https://www.gstatic.com/firebasejs/10.14.1/firebase-analytics.js","app":"https://www.gstatic.com/firebasejs/10.14.1/firebase-app.js","app-check":"https://www.gstatic.com/firebasejs/10.14.1/firebase-app-check.js","auth":"https://www.gstatic.com/firebasejs/10.14.1/firebase-auth.js","auth/cordova":"https://www.gstatic.com/firebasejs/10.14.1/firebase-auth/cordova.js","auth/web-extension":"https://www.gstatic.com/firebasejs/10.14.1/firebase-auth/web-extension.js","functions":"https://www.gstatic.com/firebasejs/10.14.1/firebase-functions.js","firestore":"https://www.gstatic.com/firebasejs/10.14.1/firebase-firestore.js","firestore/lite":"https://www.gstatic.com/firebasejs/10.14.1/firebase-firestore/lite.js","installations":"https://www.gstatic.com/firebasejs/10.14.1/firebase-installations.js","storage":"https://www.gstatic.com/firebasejs/10.14.1/firebase-storage.js","performance":"https://www.gstatic.com/firebasejs/10.14.1/firebase-performance.js","remote-config":"https://www.gstatic.com/firebasejs/10.14.1/firebase-remote-config.js","messaging":"https://www.gstatic.com/firebasejs/10.14.1/firebase-messaging.js","messaging/sw":"https://www.gstatic.com/firebasejs/10.14.1/firebase-messaging/sw.js","database":"https://www.gstatic.com/firebasejs/10.14.1/firebase-database.js","data-connect":"https://www.gstatic.com/firebasejs/10.14.1/firebase-data-connect.js","vertexai-preview":"https://www.gstatic.com/firebasejs/10.14.1/firebase-vertexai-preview.js","firestore.memory":"https://www.gstatic.com/firebasejs/10.14.1/firebase-firestore.memory.js"}}
[info] i  public/index.html is unchanged 
[info] 
=== Storage Setup
[debug] [2024-10-12T17:06:43.737Z] Error: Timed out.
    at Timeout._onTimeout (C:\Users\niles\AppData\Roaming\npm\node_modules\firebase-tools\lib\utils.js:268:49)
    at listOnTimeout (node:internal/timers:581:17)
    at process.processTimers (node:internal/timers:519:7)
[error] 
[error] Error: An unexpected error has occurred.
